


ARM Macro Assembler    Page 1 


    1 00000000         ;/******************************************************
                       ********************//**
    2 00000000         ; * @file     startup_mono.s
    3 00000000         ; * @brief    CMSIS Core Device Startup File for
    4 00000000         ; *           Mono Device Series
    5 00000000         ; * @version  V0.0.1
    6 00000000         ; * @date     15-June-2023
    7 00000000         ; *
    8 00000000         ; * @note
    9 00000000         ; *
   10 00000000         ; ******************************************************
                       ************************/
   11 00000000         ;/* Copyright (c) 2020 - 2023 Westberry Technology (Chan
                       gZhou) Corp., Ltd.
   12 00000000         ;   All rights reserved.
   13 00000000         ;  
   14 00000000         ;   SPDX-License-Identifier: Apache-2.0
   15 00000000         ;  
   16 00000000         ;   Licensed under the Apache License, Version 2.0 (the 
                       License); you may
   17 00000000         ;   not use this file except in compliance with the Lice
                       nse.
   18 00000000         ;   You may obtain a copy of the License at
   19 00000000         ;  
   20 00000000         ;   www.apache.org/licenses/LICENSE-2.0
   21 00000000         ;  
   22 00000000         ;   Unless required by applicable law or agreed to in wr
                       iting, software
   23 00000000         ;   distributed under the License is distributed on an A
                       S IS BASIS, WITHOUT
   24 00000000         ;   WARRANTIES OR CONDITIONS OF ANY KIND, either express
                        or implied.
   25 00000000         ;   See the License for the specific language governing 
                       permissions and
   26 00000000         ;   limitations under the License.
   27 00000000         ;   ----------------------------------------------------
                       -----------------------*/
   28 00000000         ;/*
   29 00000000         ;//-------- <<< Use Configuration Wizard in Context Menu
                        >>> ------------------
   30 00000000         ;*/
   31 00000000         
   32 00000000         
   33 00000000         ; <h> Stack Configuration
   34 00000000         ;   <o> Stack Size (in Bytes) <0x0-0xFFFFFFFF:8>
   35 00000000         ; </h>
   36 00000000         
   37 00000000 00000100 
                       Stack_Size
                               EQU              0x00000100
   38 00000000         
   39 00000000                 AREA             STACK, NOINIT, READWRITE, ALIGN
=3
   40 00000000         Stack_Mem
                               SPACE            Stack_Size
   41 00000100         __initial_sp
   42 00000100         
   43 00000100         
   44 00000100         ; <h> Heap Configuration



ARM Macro Assembler    Page 2 


   45 00000100         ;   <o>  Heap Size (in Bytes) <0x0-0xFFFFFFFF:8>
   46 00000100         ; </h>
   47 00000100         
   48 00000100 00000100 
                       Heap_Size
                               EQU              0x00000100
   49 00000100         
   50 00000100                 AREA             HEAP, NOINIT, READWRITE, ALIGN=
3
   51 00000000         __heap_base
   52 00000000         Heap_Mem
                               SPACE            Heap_Size
   53 00000100         __heap_limit
   54 00000100         
   55 00000100         
   56 00000100                 PRESERVE8
   57 00000100                 THUMB
   58 00000100         
   59 00000100         
   60 00000100         ; Vector Table Mapped to Address 0 at Reset
   61 00000100         
   62 00000100                 AREA             RESET, DATA, READONLY
   63 00000000                 EXPORT           __Vectors
   64 00000000                 EXPORT           __Vectors_End
   65 00000000                 EXPORT           __Vectors_Size
   66 00000000         
   67 00000000 00000000 
                       __Vectors
                               DCD              __initial_sp ; Top of Stack
   68 00000004 00000000        DCD              Reset_Handler ; Reset Handler
   69 00000008 00000000        DCD              NMI_Handler ; NMI Handler
   70 0000000C 00000000        DCD              HardFault_Handler ; Hard Fault 
                                                            Handler
   71 00000010 00000000        DCD              0           ; Reserved
   72 00000014 00000000        DCD              0           ; Reserved
   73 00000018 00000000        DCD              0           ; Reserved
   74 0000001C 00000000        DCD              0           ; Reserved
   75 00000020 00000000        DCD              0           ; Reserved
   76 00000024 00000000        DCD              0           ; Reserved
   77 00000028 00000000        DCD              0           ; Reserved
   78 0000002C 00000000        DCD              SVC_Handler ; SVCall Handler
   79 00000030 00000000        DCD              0           ; Reserved
   80 00000034 00000000        DCD              0           ; Reserved
   81 00000038 00000000        DCD              PendSV_Handler ; PendSV Handler
                                                            
   82 0000003C 00000000        DCD              SysTick_Handler 
                                                            ; SysTick Handler
   83 00000040         
   84 00000040         ; External Interrupts
   85 00000040 00000000        DCD              BOD_IRQHandler ; 16+0:  Brown-O
                                                            ut Detection throug
                                                            h EXTI Line detect
   86 00000044 00000000        DCD              EXTI1_0_IRQHandler ; 16+1:  EXT
                                                            I Line 1..0
   87 00000048 00000000        DCD              EXTI3_2_IRQHandler ; 16+2:  EXT
                                                            I Line 3..2
   88 0000004C 00000000        DCD              FLASH_IRQHandler ; 16+3,  FLASH
                                                            
   89 00000050 00000000        DCD              EXTI5_4_IRQHandler ; 16+4,  EXT



ARM Macro Assembler    Page 3 


                                                            I Line 5..4
   90 00000054 00000000        DCD              EXTI7_6_IRQHandler ; 16+5,  EXT
                                                            I Line 7..6
   91 00000058 00000000        DCD              EXTI15_8_IRQHandler ; 16+6,  EX
                                                            TI Line 15..8
   92 0000005C 00000000        DCD              UART0_IRQHandler ; 16+7,  UART0
                                                             Interrupt
   93 00000060 00000000        DCD              UART1_IRQHandler ; 16+8,  UART1
                                                             Interrupt
   94 00000064 00000000        DCD              SPIM_IRQHandler ; 16+9,  SPIM I
                                                            nterrupt
   95 00000068 00000000        DCD              SPI1_IRQHandler ; 16+10, SPI1 I
                                                            nterrupt
   96 0000006C 00000000        DCD              I2C_IRQHandler ; 16+11, I2C Int
                                                            errupt
   97 00000070 00000000        DCD              ARGB_IRQHandler ; 16+12, ARGB I
                                                            nterrupt
   98 00000074 00000000        DCD              TIM6_IRQHandler ; 16+13, TIM6 I
                                                            nterrupt
   99 00000078 00000000        DCD              PCT0_IRQHandler ; 16+14, PCT0 I
                                                            nterrupt
  100 0000007C 00000000        DCD              PCT1_IRQHandler ; 16+15, PCT1 I
                                                            nterrupt
  101 00000080 00000000        DCD              PCT2_IRQHandler ; 16+16, PCT2 I
                                                            nterrupt
  102 00000084 00000000        DCD              PCT3_IRQHandler ; 16+17, PCT3 I
                                                            nterrupt
  103 00000088 00000000        DCD              PCT4_IRQHandler ; 16+18: PCT4 I
                                                            nterrupt
  104 0000008C 00000000        DCD              USBP_WKUP_IRQHandler 
                                                            ; 16+19: USB PIN
  105 00000090 00000000        DCD              RTC_IRQHandler ; 16+20: RTC Int
                                                            errupt
  106 00000094 00000000        DCD              ADC_IRQHandler ; 16+21: ADC Int
                                                            errupt
  107 00000098 00000000        DCD              USB_IRQHandler ; 16+22: USB Int
                                                            errupt
  108 0000009C 00000000        DCD              CMP0_IRQHandler ; 16+23: CMP0 I
                                                            nterrupt
  109 000000A0 00000000        DCD              CMP1_IRQHandler ; 16+24: CMP1 I
                                                            nterrupt
  110 000000A4 00000000        DCD              CRS_IRQHandler ; 16+25: CRS Int
                                                            errupt
  111 000000A8 00000000        DCD              0           ; 16+26: Reserved
  112 000000AC 00000000        DCD              0           ; 16+27: Reserved
  113 000000B0 00000000        DCD              0           ; 16+28: Reserved
  114 000000B4 00000000        DCD              0           ; 16+29: Reserved
  115 000000B8 00000000        DCD              0           ; 16+30: Reserved
  116 000000BC 00000000        DCD              0           ; 16+31: Reserved
  117 000000C0         
  118 000000C0         __Vectors_End
  119 000000C0         
  120 000000C0 000000C0 
                       __Vectors_Size
                               EQU              __Vectors_End - __Vectors
  121 000000C0         
  122 000000C0                 AREA             |.text|, CODE, READONLY
  123 00000000         
  124 00000000         



ARM Macro Assembler    Page 4 


  125 00000000         ; Reset Handler
  126 00000000         
  127 00000000         Reset_Handler
                               PROC
  128 00000000                 EXPORT           Reset_Handler             [WEAK
]
  129 00000000                 IMPORT           SystemInit
  130 00000000                 IMPORT           __main
  131 00000000 4807            LDR              R0, =SystemInit
  132 00000002 4780            BLX              R0
  133 00000004 4807            LDR              R0, =__main
  134 00000006 4700            BX               R0
  135 00000008                 ENDP
  136 00000008         
  137 00000008         
  138 00000008         ; Dummy Exception Handlers (infinite loops which can be 
                       modified)
  139 00000008         
  140 00000008         NMI_Handler
                               PROC
  141 00000008                 EXPORT           NMI_Handler               [WEAK
]
  142 00000008 E7FE            B                .
  143 0000000A                 ENDP
  145 0000000A         HardFault_Handler
                               PROC
  146 0000000A                 EXPORT           HardFault_Handler         [WEAK
]
  147 0000000A E7FE            B                .
  148 0000000C                 ENDP
  149 0000000C         SVC_Handler
                               PROC
  150 0000000C                 EXPORT           SVC_Handler               [WEAK
]
  151 0000000C E7FE            B                .
  152 0000000E                 ENDP
  153 0000000E         PendSV_Handler
                               PROC
  154 0000000E                 EXPORT           PendSV_Handler            [WEAK
]
  155 0000000E E7FE            B                .
  156 00000010                 ENDP
  157 00000010         SysTick_Handler
                               PROC
  158 00000010                 EXPORT           SysTick_Handler           [WEAK
]
  159 00000010 E7FE            B                .
  160 00000012                 ENDP
  161 00000012         
  162 00000012         Default_Handler
                               PROC
  163 00000012                 EXPORT           BOD_IRQHandler            [WEAK
]
  164 00000012                 EXPORT           EXTI1_0_IRQHandler        [WEAK
]
  165 00000012                 EXPORT           EXTI3_2_IRQHandler        [WEAK
]
  166 00000012                 EXPORT           FLASH_IRQHandler          [WEAK
]



ARM Macro Assembler    Page 5 


  167 00000012                 EXPORT           EXTI5_4_IRQHandler        [WEAK
]
  168 00000012                 EXPORT           EXTI7_6_IRQHandler        [WEAK
]
  169 00000012                 EXPORT           EXTI15_8_IRQHandler       [WEAK
]
  170 00000012                 EXPORT           UART0_IRQHandler          [WEAK
]
  171 00000012                 EXPORT           UART1_IRQHandler          [WEAK
]
  172 00000012                 EXPORT           SPIM_IRQHandler           [WEAK
]
  173 00000012                 EXPORT           SPI1_IRQHandler           [WEAK
]
  174 00000012                 EXPORT           I2C_IRQHandler            [WEAK
]
  175 00000012                 EXPORT           ARGB_IRQHandler           [WEAK
]
  176 00000012                 EXPORT           TIM6_IRQHandler           [WEAK
]
  177 00000012                 EXPORT           PCT0_IRQHandler           [WEAK
]
  178 00000012                 EXPORT           PCT1_IRQHandler           [WEAK
]
  179 00000012                 EXPORT           PCT2_IRQHandler           [WEAK
]
  180 00000012                 EXPORT           PCT3_IRQHandler           [WEAK
]
  181 00000012                 EXPORT           PCT4_IRQHandler           [WEAK
]
  182 00000012                 EXPORT           USBP_WKUP_IRQHandler      [WEAK
]
  183 00000012                 EXPORT           RTC_IRQHandler            [WEAK
]
  184 00000012                 EXPORT           ADC_IRQHandler            [WEAK
]
  185 00000012                 EXPORT           USB_IRQHandler            [WEAK
]
  186 00000012                 EXPORT           CMP0_IRQHandler           [WEAK
]
  187 00000012                 EXPORT           CMP1_IRQHandler           [WEAK
]
  188 00000012                 EXPORT           CRS_IRQHandler            [WEAK
]
  189 00000012         
  190 00000012         
  191 00000012         BOD_IRQHandler
  192 00000012         EXTI1_0_IRQHandler
  193 00000012         EXTI3_2_IRQHandler
  194 00000012         FLASH_IRQHandler
  195 00000012         EXTI5_4_IRQHandler
  196 00000012         EXTI7_6_IRQHandler
  197 00000012         EXTI15_8_IRQHandler
  198 00000012         UART0_IRQHandler
  199 00000012         UART1_IRQHandler
  200 00000012         SPIM_IRQHandler
  201 00000012         SPI1_IRQHandler
  202 00000012         I2C_IRQHandler
  203 00000012         ARGB_IRQHandler



ARM Macro Assembler    Page 6 


  204 00000012         TIM6_IRQHandler
  205 00000012         PCT0_IRQHandler
  206 00000012         PCT1_IRQHandler
  207 00000012         PCT2_IRQHandler
  208 00000012         PCT3_IRQHandler
  209 00000012         PCT4_IRQHandler
  210 00000012         USBP_WKUP_IRQHandler
  211 00000012         RTC_IRQHandler
  212 00000012         ADC_IRQHandler
  213 00000012         USB_IRQHandler
  214 00000012         CMP0_IRQHandler
  215 00000012         CMP1_IRQHandler
  216 00000012         CRS_IRQHandler
  217 00000012         
  218 00000012 E7FE            B                .
  219 00000014         
  220 00000014                 ENDP
  221 00000014         
  222 00000014         
  223 00000014                 ALIGN
  224 00000014         
  225 00000014         
  226 00000014         ; User Initial Stack & Heap
  227 00000014         
  228 00000014                 IF               :DEF:__MICROLIB
  235 00000014         
  236 00000014                 IMPORT           __use_two_region_memory
  237 00000014                 EXPORT           __user_initial_stackheap
  238 00000014         
  239 00000014         __user_initial_stackheap
                               PROC
  240 00000014 4804            LDR              R0, =  Heap_Mem
  241 00000016 4905            LDR              R1, =(Stack_Mem + Stack_Size)
  242 00000018 4A05            LDR              R2, = (Heap_Mem +  Heap_Size)
  243 0000001A 4B06            LDR              R3, = Stack_Mem
  244 0000001C 4770            BX               LR
  245 0000001E                 ENDP
  246 0000001E         
  247 0000001E 00 00           ALIGN
  248 00000020         
  249 00000020                 ENDIF
  250 00000020         
  251 00000020         
  252 00000020                 END
              00000000 
              00000000 
              00000000 
              00000100 
              00000100 
              00000000 
Command Line: --debug --xref --diag_suppress=9931 --cpu=Cortex-M0 --apcs=interw
ork --depend=.\objects\startup_mono.d -o.\objects\startup_mono.o -I.\RTE\_Targe
t_1 -IC:\Keil\Keil_v523\ARM\PACK\ARM\CMSIS\5.1.1\Device\ARM\ARMCM0\Include -IC:
\Keil\Keil_v523\ARM\CMSIS\Include --predefine="__UVISION_VERSION SETA 523" --pr
edefine="ARMCM0 SETA 1" --list=.\listings\startup_mono.lst ..\..\..\Libraries\C
MSIS\Device\WB\mono\startup\arm\startup_mono.s



ARM Macro Assembler    Page 1 Alphabetic symbol ordering
Relocatable symbols

STACK 00000000

Symbol: STACK
   Definitions
      At line 39 in file ..\..\..\Libraries\CMSIS\Device\WB\mono\startup\arm\st
artup_mono.s
   Uses
      None
Comment: STACK unused
Stack_Mem 00000000

Symbol: Stack_Mem
   Definitions
      At line 40 in file ..\..\..\Libraries\CMSIS\Device\WB\mono\startup\arm\st
artup_mono.s
   Uses
      At line 241 in file ..\..\..\Libraries\CMSIS\Device\WB\mono\startup\arm\s
tartup_mono.s
      At line 243 in file ..\..\..\Libraries\CMSIS\Device\WB\mono\startup\arm\s
tartup_mono.s

__initial_sp 00000100

Symbol: __initial_sp
   Definitions
      At line 41 in file ..\..\..\Libraries\CMSIS\Device\WB\mono\startup\arm\st
artup_mono.s
   Uses
      At line 67 in file ..\..\..\Libraries\CMSIS\Device\WB\mono\startup\arm\st
artup_mono.s
Comment: __initial_sp used once
3 symbols



ARM Macro Assembler    Page 1 Alphabetic symbol ordering
Relocatable symbols

HEAP 00000000

Symbol: HEAP
   Definitions
      At line 50 in file ..\..\..\Libraries\CMSIS\Device\WB\mono\startup\arm\st
artup_mono.s
   Uses
      None
Comment: HEAP unused
Heap_Mem 00000000

Symbol: Heap_Mem
   Definitions
      At line 52 in file ..\..\..\Libraries\CMSIS\Device\WB\mono\startup\arm\st
artup_mono.s
   Uses
      At line 240 in file ..\..\..\Libraries\CMSIS\Device\WB\mono\startup\arm\s
tartup_mono.s
      At line 242 in file ..\..\..\Libraries\CMSIS\Device\WB\mono\startup\arm\s
tartup_mono.s

__heap_base 00000000

Symbol: __heap_base
   Definitions
      At line 51 in file ..\..\..\Libraries\CMSIS\Device\WB\mono\startup\arm\st
artup_mono.s
   Uses
      None
Comment: __heap_base unused
__heap_limit 00000100

Symbol: __heap_limit
   Definitions
      At line 53 in file ..\..\..\Libraries\CMSIS\Device\WB\mono\startup\arm\st
artup_mono.s
   Uses
      None
Comment: __heap_limit unused
4 symbols



ARM Macro Assembler    Page 1 Alphabetic symbol ordering
Relocatable symbols

RESET 00000000

Symbol: RESET
   Definitions
      At line 62 in file ..\..\..\Libraries\CMSIS\Device\WB\mono\startup\arm\st
artup_mono.s
   Uses
      None
Comment: RESET unused
__Vectors 00000000

Symbol: __Vectors
   Definitions
      At line 67 in file ..\..\..\Libraries\CMSIS\Device\WB\mono\startup\arm\st
artup_mono.s
   Uses
      At line 63 in file ..\..\..\Libraries\CMSIS\Device\WB\mono\startup\arm\st
artup_mono.s
      At line 120 in file ..\..\..\Libraries\CMSIS\Device\WB\mono\startup\arm\s
tartup_mono.s

__Vectors_End 000000C0

Symbol: __Vectors_End
   Definitions
      At line 118 in file ..\..\..\Libraries\CMSIS\Device\WB\mono\startup\arm\s
tartup_mono.s
   Uses
      At line 64 in file ..\..\..\Libraries\CMSIS\Device\WB\mono\startup\arm\st
artup_mono.s
      At line 120 in file ..\..\..\Libraries\CMSIS\Device\WB\mono\startup\arm\s
tartup_mono.s

3 symbols



ARM Macro Assembler    Page 1 Alphabetic symbol ordering
Relocatable symbols

.text 00000000

Symbol: .text
   Definitions
      At line 122 in file ..\..\..\Libraries\CMSIS\Device\WB\mono\startup\arm\s
tartup_mono.s
   Uses
      None
Comment: .text unused
ADC_IRQHandler 00000012

Symbol: ADC_IRQHandler
   Definitions
      At line 212 in file ..\..\..\Libraries\CMSIS\Device\WB\mono\startup\arm\s
tartup_mono.s
   Uses
      At line 106 in file ..\..\..\Libraries\CMSIS\Device\WB\mono\startup\arm\s
tartup_mono.s
      At line 184 in file ..\..\..\Libraries\CMSIS\Device\WB\mono\startup\arm\s
tartup_mono.s

ARGB_IRQHandler 00000012

Symbol: ARGB_IRQHandler
   Definitions
      At line 203 in file ..\..\..\Libraries\CMSIS\Device\WB\mono\startup\arm\s
tartup_mono.s
   Uses
      At line 97 in file ..\..\..\Libraries\CMSIS\Device\WB\mono\startup\arm\st
artup_mono.s
      At line 175 in file ..\..\..\Libraries\CMSIS\Device\WB\mono\startup\arm\s
tartup_mono.s

BOD_IRQHandler 00000012

Symbol: BOD_IRQHandler
   Definitions
      At line 191 in file ..\..\..\Libraries\CMSIS\Device\WB\mono\startup\arm\s
tartup_mono.s
   Uses
      At line 85 in file ..\..\..\Libraries\CMSIS\Device\WB\mono\startup\arm\st
artup_mono.s
      At line 163 in file ..\..\..\Libraries\CMSIS\Device\WB\mono\startup\arm\s
tartup_mono.s

CMP0_IRQHandler 00000012

Symbol: CMP0_IRQHandler
   Definitions
      At line 214 in file ..\..\..\Libraries\CMSIS\Device\WB\mono\startup\arm\s
tartup_mono.s
   Uses
      At line 108 in file ..\..\..\Libraries\CMSIS\Device\WB\mono\startup\arm\s
tartup_mono.s
      At line 186 in file ..\..\..\Libraries\CMSIS\Device\WB\mono\startup\arm\s
tartup_mono.s

CMP1_IRQHandler 00000012




ARM Macro Assembler    Page 2 Alphabetic symbol ordering
Relocatable symbols

Symbol: CMP1_IRQHandler
   Definitions
      At line 215 in file ..\..\..\Libraries\CMSIS\Device\WB\mono\startup\arm\s
tartup_mono.s
   Uses
      At line 109 in file ..\..\..\Libraries\CMSIS\Device\WB\mono\startup\arm\s
tartup_mono.s
      At line 187 in file ..\..\..\Libraries\CMSIS\Device\WB\mono\startup\arm\s
tartup_mono.s

CRS_IRQHandler 00000012

Symbol: CRS_IRQHandler
   Definitions
      At line 216 in file ..\..\..\Libraries\CMSIS\Device\WB\mono\startup\arm\s
tartup_mono.s
   Uses
      At line 110 in file ..\..\..\Libraries\CMSIS\Device\WB\mono\startup\arm\s
tartup_mono.s
      At line 188 in file ..\..\..\Libraries\CMSIS\Device\WB\mono\startup\arm\s
tartup_mono.s

Default_Handler 00000012

Symbol: Default_Handler
   Definitions
      At line 162 in file ..\..\..\Libraries\CMSIS\Device\WB\mono\startup\arm\s
tartup_mono.s
   Uses
      None
Comment: Default_Handler unused
EXTI15_8_IRQHandler 00000012

Symbol: EXTI15_8_IRQHandler
   Definitions
      At line 197 in file ..\..\..\Libraries\CMSIS\Device\WB\mono\startup\arm\s
tartup_mono.s
   Uses
      At line 91 in file ..\..\..\Libraries\CMSIS\Device\WB\mono\startup\arm\st
artup_mono.s
      At line 169 in file ..\..\..\Libraries\CMSIS\Device\WB\mono\startup\arm\s
tartup_mono.s

EXTI1_0_IRQHandler 00000012

Symbol: EXTI1_0_IRQHandler
   Definitions
      At line 192 in file ..\..\..\Libraries\CMSIS\Device\WB\mono\startup\arm\s
tartup_mono.s
   Uses
      At line 86 in file ..\..\..\Libraries\CMSIS\Device\WB\mono\startup\arm\st
artup_mono.s
      At line 164 in file ..\..\..\Libraries\CMSIS\Device\WB\mono\startup\arm\s
tartup_mono.s

EXTI3_2_IRQHandler 00000012

Symbol: EXTI3_2_IRQHandler
   Definitions



ARM Macro Assembler    Page 3 Alphabetic symbol ordering
Relocatable symbols

      At line 193 in file ..\..\..\Libraries\CMSIS\Device\WB\mono\startup\arm\s
tartup_mono.s
   Uses
      At line 87 in file ..\..\..\Libraries\CMSIS\Device\WB\mono\startup\arm\st
artup_mono.s
      At line 165 in file ..\..\..\Libraries\CMSIS\Device\WB\mono\startup\arm\s
tartup_mono.s

EXTI5_4_IRQHandler 00000012

Symbol: EXTI5_4_IRQHandler
   Definitions
      At line 195 in file ..\..\..\Libraries\CMSIS\Device\WB\mono\startup\arm\s
tartup_mono.s
   Uses
      At line 89 in file ..\..\..\Libraries\CMSIS\Device\WB\mono\startup\arm\st
artup_mono.s
      At line 167 in file ..\..\..\Libraries\CMSIS\Device\WB\mono\startup\arm\s
tartup_mono.s

EXTI7_6_IRQHandler 00000012

Symbol: EXTI7_6_IRQHandler
   Definitions
      At line 196 in file ..\..\..\Libraries\CMSIS\Device\WB\mono\startup\arm\s
tartup_mono.s
   Uses
      At line 90 in file ..\..\..\Libraries\CMSIS\Device\WB\mono\startup\arm\st
artup_mono.s
      At line 168 in file ..\..\..\Libraries\CMSIS\Device\WB\mono\startup\arm\s
tartup_mono.s

FLASH_IRQHandler 00000012

Symbol: FLASH_IRQHandler
   Definitions
      At line 194 in file ..\..\..\Libraries\CMSIS\Device\WB\mono\startup\arm\s
tartup_mono.s
   Uses
      At line 88 in file ..\..\..\Libraries\CMSIS\Device\WB\mono\startup\arm\st
artup_mono.s
      At line 166 in file ..\..\..\Libraries\CMSIS\Device\WB\mono\startup\arm\s
tartup_mono.s

HardFault_Handler 0000000A

Symbol: HardFault_Handler
   Definitions
      At line 145 in file ..\..\..\Libraries\CMSIS\Device\WB\mono\startup\arm\s
tartup_mono.s
   Uses
      At line 70 in file ..\..\..\Libraries\CMSIS\Device\WB\mono\startup\arm\st
artup_mono.s
      At line 146 in file ..\..\..\Libraries\CMSIS\Device\WB\mono\startup\arm\s
tartup_mono.s

I2C_IRQHandler 00000012

Symbol: I2C_IRQHandler



ARM Macro Assembler    Page 4 Alphabetic symbol ordering
Relocatable symbols

   Definitions
      At line 202 in file ..\..\..\Libraries\CMSIS\Device\WB\mono\startup\arm\s
tartup_mono.s
   Uses
      At line 96 in file ..\..\..\Libraries\CMSIS\Device\WB\mono\startup\arm\st
artup_mono.s
      At line 174 in file ..\..\..\Libraries\CMSIS\Device\WB\mono\startup\arm\s
tartup_mono.s

NMI_Handler 00000008

Symbol: NMI_Handler
   Definitions
      At line 140 in file ..\..\..\Libraries\CMSIS\Device\WB\mono\startup\arm\s
tartup_mono.s
   Uses
      At line 69 in file ..\..\..\Libraries\CMSIS\Device\WB\mono\startup\arm\st
artup_mono.s
      At line 141 in file ..\..\..\Libraries\CMSIS\Device\WB\mono\startup\arm\s
tartup_mono.s

PCT0_IRQHandler 00000012

Symbol: PCT0_IRQHandler
   Definitions
      At line 205 in file ..\..\..\Libraries\CMSIS\Device\WB\mono\startup\arm\s
tartup_mono.s
   Uses
      At line 99 in file ..\..\..\Libraries\CMSIS\Device\WB\mono\startup\arm\st
artup_mono.s
      At line 177 in file ..\..\..\Libraries\CMSIS\Device\WB\mono\startup\arm\s
tartup_mono.s

PCT1_IRQHandler 00000012

Symbol: PCT1_IRQHandler
   Definitions
      At line 206 in file ..\..\..\Libraries\CMSIS\Device\WB\mono\startup\arm\s
tartup_mono.s
   Uses
      At line 100 in file ..\..\..\Libraries\CMSIS\Device\WB\mono\startup\arm\s
tartup_mono.s
      At line 178 in file ..\..\..\Libraries\CMSIS\Device\WB\mono\startup\arm\s
tartup_mono.s

PCT2_IRQHandler 00000012

Symbol: PCT2_IRQHandler
   Definitions
      At line 207 in file ..\..\..\Libraries\CMSIS\Device\WB\mono\startup\arm\s
tartup_mono.s
   Uses
      At line 101 in file ..\..\..\Libraries\CMSIS\Device\WB\mono\startup\arm\s
tartup_mono.s
      At line 179 in file ..\..\..\Libraries\CMSIS\Device\WB\mono\startup\arm\s
tartup_mono.s

PCT3_IRQHandler 00000012




ARM Macro Assembler    Page 5 Alphabetic symbol ordering
Relocatable symbols

Symbol: PCT3_IRQHandler
   Definitions
      At line 208 in file ..\..\..\Libraries\CMSIS\Device\WB\mono\startup\arm\s
tartup_mono.s
   Uses
      At line 102 in file ..\..\..\Libraries\CMSIS\Device\WB\mono\startup\arm\s
tartup_mono.s
      At line 180 in file ..\..\..\Libraries\CMSIS\Device\WB\mono\startup\arm\s
tartup_mono.s

PCT4_IRQHandler 00000012

Symbol: PCT4_IRQHandler
   Definitions
      At line 209 in file ..\..\..\Libraries\CMSIS\Device\WB\mono\startup\arm\s
tartup_mono.s
   Uses
      At line 103 in file ..\..\..\Libraries\CMSIS\Device\WB\mono\startup\arm\s
tartup_mono.s
      At line 181 in file ..\..\..\Libraries\CMSIS\Device\WB\mono\startup\arm\s
tartup_mono.s

PendSV_Handler 0000000E

Symbol: PendSV_Handler
   Definitions
      At line 153 in file ..\..\..\Libraries\CMSIS\Device\WB\mono\startup\arm\s
tartup_mono.s
   Uses
      At line 81 in file ..\..\..\Libraries\CMSIS\Device\WB\mono\startup\arm\st
artup_mono.s
      At line 154 in file ..\..\..\Libraries\CMSIS\Device\WB\mono\startup\arm\s
tartup_mono.s

RTC_IRQHandler 00000012

Symbol: RTC_IRQHandler
   Definitions
      At line 211 in file ..\..\..\Libraries\CMSIS\Device\WB\mono\startup\arm\s
tartup_mono.s
   Uses
      At line 105 in file ..\..\..\Libraries\CMSIS\Device\WB\mono\startup\arm\s
tartup_mono.s
      At line 183 in file ..\..\..\Libraries\CMSIS\Device\WB\mono\startup\arm\s
tartup_mono.s

Reset_Handler 00000000

Symbol: Reset_Handler
   Definitions
      At line 127 in file ..\..\..\Libraries\CMSIS\Device\WB\mono\startup\arm\s
tartup_mono.s
   Uses
      At line 68 in file ..\..\..\Libraries\CMSIS\Device\WB\mono\startup\arm\st
artup_mono.s
      At line 128 in file ..\..\..\Libraries\CMSIS\Device\WB\mono\startup\arm\s
tartup_mono.s

SPI1_IRQHandler 00000012



ARM Macro Assembler    Page 6 Alphabetic symbol ordering
Relocatable symbols


Symbol: SPI1_IRQHandler
   Definitions
      At line 201 in file ..\..\..\Libraries\CMSIS\Device\WB\mono\startup\arm\s
tartup_mono.s
   Uses
      At line 95 in file ..\..\..\Libraries\CMSIS\Device\WB\mono\startup\arm\st
artup_mono.s
      At line 173 in file ..\..\..\Libraries\CMSIS\Device\WB\mono\startup\arm\s
tartup_mono.s

SPIM_IRQHandler 00000012

Symbol: SPIM_IRQHandler
   Definitions
      At line 200 in file ..\..\..\Libraries\CMSIS\Device\WB\mono\startup\arm\s
tartup_mono.s
   Uses
      At line 94 in file ..\..\..\Libraries\CMSIS\Device\WB\mono\startup\arm\st
artup_mono.s
      At line 172 in file ..\..\..\Libraries\CMSIS\Device\WB\mono\startup\arm\s
tartup_mono.s

SVC_Handler 0000000C

Symbol: SVC_Handler
   Definitions
      At line 149 in file ..\..\..\Libraries\CMSIS\Device\WB\mono\startup\arm\s
tartup_mono.s
   Uses
      At line 78 in file ..\..\..\Libraries\CMSIS\Device\WB\mono\startup\arm\st
artup_mono.s
      At line 150 in file ..\..\..\Libraries\CMSIS\Device\WB\mono\startup\arm\s
tartup_mono.s

SysTick_Handler 00000010

Symbol: SysTick_Handler
   Definitions
      At line 157 in file ..\..\..\Libraries\CMSIS\Device\WB\mono\startup\arm\s
tartup_mono.s
   Uses
      At line 82 in file ..\..\..\Libraries\CMSIS\Device\WB\mono\startup\arm\st
artup_mono.s
      At line 158 in file ..\..\..\Libraries\CMSIS\Device\WB\mono\startup\arm\s
tartup_mono.s

TIM6_IRQHandler 00000012

Symbol: TIM6_IRQHandler
   Definitions
      At line 204 in file ..\..\..\Libraries\CMSIS\Device\WB\mono\startup\arm\s
tartup_mono.s
   Uses
      At line 98 in file ..\..\..\Libraries\CMSIS\Device\WB\mono\startup\arm\st
artup_mono.s
      At line 176 in file ..\..\..\Libraries\CMSIS\Device\WB\mono\startup\arm\s
tartup_mono.s




ARM Macro Assembler    Page 7 Alphabetic symbol ordering
Relocatable symbols

UART0_IRQHandler 00000012

Symbol: UART0_IRQHandler
   Definitions
      At line 198 in file ..\..\..\Libraries\CMSIS\Device\WB\mono\startup\arm\s
tartup_mono.s
   Uses
      At line 92 in file ..\..\..\Libraries\CMSIS\Device\WB\mono\startup\arm\st
artup_mono.s
      At line 170 in file ..\..\..\Libraries\CMSIS\Device\WB\mono\startup\arm\s
tartup_mono.s

UART1_IRQHandler 00000012

Symbol: UART1_IRQHandler
   Definitions
      At line 199 in file ..\..\..\Libraries\CMSIS\Device\WB\mono\startup\arm\s
tartup_mono.s
   Uses
      At line 93 in file ..\..\..\Libraries\CMSIS\Device\WB\mono\startup\arm\st
artup_mono.s
      At line 171 in file ..\..\..\Libraries\CMSIS\Device\WB\mono\startup\arm\s
tartup_mono.s

USBP_WKUP_IRQHandler 00000012

Symbol: USBP_WKUP_IRQHandler
   Definitions
      At line 210 in file ..\..\..\Libraries\CMSIS\Device\WB\mono\startup\arm\s
tartup_mono.s
   Uses
      At line 104 in file ..\..\..\Libraries\CMSIS\Device\WB\mono\startup\arm\s
tartup_mono.s
      At line 182 in file ..\..\..\Libraries\CMSIS\Device\WB\mono\startup\arm\s
tartup_mono.s

USB_IRQHandler 00000012

Symbol: USB_IRQHandler
   Definitions
      At line 213 in file ..\..\..\Libraries\CMSIS\Device\WB\mono\startup\arm\s
tartup_mono.s
   Uses
      At line 107 in file ..\..\..\Libraries\CMSIS\Device\WB\mono\startup\arm\s
tartup_mono.s
      At line 185 in file ..\..\..\Libraries\CMSIS\Device\WB\mono\startup\arm\s
tartup_mono.s

__user_initial_stackheap 00000014

Symbol: __user_initial_stackheap
   Definitions
      At line 239 in file ..\..\..\Libraries\CMSIS\Device\WB\mono\startup\arm\s
tartup_mono.s
   Uses
      At line 237 in file ..\..\..\Libraries\CMSIS\Device\WB\mono\startup\arm\s
tartup_mono.s
Comment: __user_initial_stackheap used once
35 symbols



ARM Macro Assembler    Page 1 Alphabetic symbol ordering
Absolute symbols

Heap_Size 00000100

Symbol: Heap_Size
   Definitions
      At line 48 in file ..\..\..\Libraries\CMSIS\Device\WB\mono\startup\arm\st
artup_mono.s
   Uses
      At line 52 in file ..\..\..\Libraries\CMSIS\Device\WB\mono\startup\arm\st
artup_mono.s
      At line 242 in file ..\..\..\Libraries\CMSIS\Device\WB\mono\startup\arm\s
tartup_mono.s

Stack_Size 00000100

Symbol: Stack_Size
   Definitions
      At line 37 in file ..\..\..\Libraries\CMSIS\Device\WB\mono\startup\arm\st
artup_mono.s
   Uses
      At line 40 in file ..\..\..\Libraries\CMSIS\Device\WB\mono\startup\arm\st
artup_mono.s
      At line 241 in file ..\..\..\Libraries\CMSIS\Device\WB\mono\startup\arm\s
tartup_mono.s

__Vectors_Size 000000C0

Symbol: __Vectors_Size
   Definitions
      At line 120 in file ..\..\..\Libraries\CMSIS\Device\WB\mono\startup\arm\s
tartup_mono.s
   Uses
      At line 65 in file ..\..\..\Libraries\CMSIS\Device\WB\mono\startup\arm\st
artup_mono.s
Comment: __Vectors_Size used once
3 symbols



ARM Macro Assembler    Page 1 Alphabetic symbol ordering
External symbols

SystemInit 00000000

Symbol: SystemInit
   Definitions
      At line 129 in file ..\..\..\Libraries\CMSIS\Device\WB\mono\startup\arm\s
tartup_mono.s
   Uses
      At line 131 in file ..\..\..\Libraries\CMSIS\Device\WB\mono\startup\arm\s
tartup_mono.s
Comment: SystemInit used once
__main 00000000

Symbol: __main
   Definitions
      At line 130 in file ..\..\..\Libraries\CMSIS\Device\WB\mono\startup\arm\s
tartup_mono.s
   Uses
      At line 133 in file ..\..\..\Libraries\CMSIS\Device\WB\mono\startup\arm\s
tartup_mono.s
Comment: __main used once
__use_two_region_memory 00000000

Symbol: __use_two_region_memory
   Definitions
      At line 236 in file ..\..\..\Libraries\CMSIS\Device\WB\mono\startup\arm\s
tartup_mono.s
   Uses
      None
Comment: __use_two_region_memory unused
3 symbols
387 symbols in table
